<?xml version="1.0" encoding="UTF-8"?>
<testng-results skipped="1" failed="0" total="1" passed="0">
  <reporter-output>
  </reporter-output>
  <suite name="pro" duration-ms="19" started-at="2016-09-16T05:43:58Z" finished-at="2016-09-16T05:43:58Z">
    <groups>
    </groups>
    <test name="Login" duration-ms="19" started-at="2016-09-16T05:43:58Z" finished-at="2016-09-16T05:43:58Z">
      <class name="com.timebank.test.TC01_NonSignedIn">
        <test-method status="FAIL" signature="setUp()[pri:0, instance:com.timebank.test.TC01_NonSignedIn@21bcffb5]" name="setUp" is-config="true" duration-ms="0" started-at="2016-09-16T11:13:05Z" finished-at="2016-09-16T11:13:05Z">
          <exception class="org.openqa.selenium.WebDriverException">
            <message>
              <![CDATA[Failed to connect to binary FirefoxBinary(C:\Program Files (x86)\Mozilla Firefox\firefox.exe) on port 7055; process output follows: 
C:\\Program Files (x86)\\Mozilla Firefox\\browser\\features\\loop@mozilla.org.xpi","e":true,"v":"0.1","st":1457051706000}},"app-global":{"{972ce4c6-7e08-4474-a285-3208198ce6fd}":{"d":"C:\\Program Files (x86)\\Mozilla Firefox\\browser\\extensions\\{972ce4c6-7e08-4474-a285-3208198ce6fd}.xpi","e":true,"v":"45.0","st":1457051706000}}}
1474004592914	addons.xpi	DEBUG	Existing add-on fxdriver@googlecode.com in app-profile
1474004592915	addons.xpi	DEBUG	getModTime: Recursive scan of loop@mozilla.org
1474004592916	addons.xpi	DEBUG	Existing add-on loop@mozilla.org in app-system-defaults
1474004592916	addons.xpi	DEBUG	getModTime: Recursive scan of {972ce4c6-7e08-4474-a285-3208198ce6fd}
1474004592917	addons.xpi	DEBUG	Existing add-on {972ce4c6-7e08-4474-a285-3208198ce6fd} in app-global
1474004592918	addons.xpi	DEBUG	getInstallState changed: false, state: {"app-profile":{"fxdriver@googlecode.com":{"d":"C:\\Users\\vgupta\\AppData\\Local\\Temp\\anonymous3385216722830850276webdriver-profile\\extensions\\fxdriver@googlecode.com","e":false,"v":"2.45.0","st":1474004587359,"mt":1474004587318}},"app-system-defaults":{"loop@mozilla.org":{"d":"C:\\Program Files (x86)\\Mozilla Firefox\\browser\\features\\loop@mozilla.org.xpi","e":true,"v":"0.1","st":1457051706000}},"app-global":{"{972ce4c6-7e08-4474-a285-3208198ce6fd}":{"d":"C:\\Program Files (x86)\\Mozilla Firefox\\browser\\extensions\\{972ce4c6-7e08-4474-a285-3208198ce6fd}.xpi","e":true,"v":"45.0","st":1457051706000}}}
1474004592921	addons.xpi	DEBUG	No changes found
1474004592931	addons.xpi	DEBUG	Registering manifest for C:\Program Files (x86)\Mozilla Firefox\browser\features\loop@mozilla.org.xpi
1474004592933	addons.xpi	DEBUG	Loading bootstrap scope from C:\Program Files (x86)\Mozilla Firefox\browser\features\loop@mozilla.org.xpi
1474004592953	addons.xpi	DEBUG	Calling bootstrap method startup on loop@mozilla.org version 0.1
1474004592973	addons.xpi-utils	DEBUG	Starting async load of XPI database C:\Users\vgupta\AppData\Local\Temp\anonymous3385216722830850276webdriver-profile\extensions.json
1474004592982	addons.manager	DEBUG	Starting provider: <unnamed-provider>
1474004592982	addons.manager	DEBUG	Registering shutdown blocker for <unnamed-provider>
1474004592982	addons.manager	DEBUG	Provider finished startup: <unnamed-provider>
1474004593000	addons.manager	DEBUG	Registering shutdown blocker for XPIProvider
1474004593000	addons.manager	DEBUG	Provider finished startup: XPIProvider
1474004593000	addons.manager	DEBUG	Starting provider: LightweightThemeManager
1474004593000	addons.manager	DEBUG	Registering shutdown blocker for LightweightThemeManager
1474004593001	addons.manager	DEBUG	Provider finished startup: LightweightThemeManager
1474004593001	addons.manager	DEBUG	Starting provider: GMPProvider
1474004593011	addons.manager	DEBUG	Registering shutdown blocker for GMPProvider
1474004593012	addons.manager	DEBUG	Provider finished startup: GMPProvider
1474004593012	addons.manager	DEBUG	Starting provider: PluginProvider
1474004593012	addons.manager	DEBUG	Registering shutdown blocker for PluginProvider
1474004593012	addons.manager	DEBUG	Provider finished startup: PluginProvider
1474004593013	addons.manager	DEBUG	Completed startup sequence
1474004593464	addons.xpi-utils	DEBUG	Async JSON file read took 0 MS
1474004593464	addons.xpi-utils	DEBUG	Finished async read of XPI database, parsing...
1474004593466	addons.xpi-utils	DEBUG	Successfully read XPI database
*** Blocklist::_loadBlocklistFromFile: blocklist is disabled
1474004593669	addons.manager	DEBUG	Starting provider: PreviousExperimentProvider
1474004593669	addons.manager	DEBUG	Registering shutdown blocker for PreviousExperimentProvider
1474004593670	addons.manager	DEBUG	Provider finished startup: PreviousExperimentProvider
JavaScript warning: https://normandy.cdn.mozilla.net/static/bundles/selfrepair-95933d583fb5820dda30.c39446e910f3.js, line 7: mutating the [[Prototype]] of an object will cause your code to run very slowly; instead create the object with the correct initial [[Prototype]] value using Object.create

Build info: version: '2.45.0', revision: '5017cb8e7ca8e37638dc3091b2440b90a1d8686f', time: '2015-02-27 09:10:26'
System info: host: '360LP009-PC', ip: '10.103.1.11', os.name: 'Windows 7', os.arch: 'amd64', os.version: '6.1', java.version: '1.8.0_65'
Driver info: driver.version: FirefoxDriver]]>
            </message>
            <full-stacktrace>
              <![CDATA[org.openqa.selenium.WebDriverException: Failed to connect to binary FirefoxBinary(C:\Program Files (x86)\Mozilla Firefox\firefox.exe) on port 7055; process output follows: 
C:\\Program Files (x86)\\Mozilla Firefox\\browser\\features\\loop@mozilla.org.xpi","e":true,"v":"0.1","st":1457051706000}},"app-global":{"{972ce4c6-7e08-4474-a285-3208198ce6fd}":{"d":"C:\\Program Files (x86)\\Mozilla Firefox\\browser\\extensions\\{972ce4c6-7e08-4474-a285-3208198ce6fd}.xpi","e":true,"v":"45.0","st":1457051706000}}}
1474004592914	addons.xpi	DEBUG	Existing add-on fxdriver@googlecode.com in app-profile
1474004592915	addons.xpi	DEBUG	getModTime: Recursive scan of loop@mozilla.org
1474004592916	addons.xpi	DEBUG	Existing add-on loop@mozilla.org in app-system-defaults
1474004592916	addons.xpi	DEBUG	getModTime: Recursive scan of {972ce4c6-7e08-4474-a285-3208198ce6fd}
1474004592917	addons.xpi	DEBUG	Existing add-on {972ce4c6-7e08-4474-a285-3208198ce6fd} in app-global
1474004592918	addons.xpi	DEBUG	getInstallState changed: false, state: {"app-profile":{"fxdriver@googlecode.com":{"d":"C:\\Users\\vgupta\\AppData\\Local\\Temp\\anonymous3385216722830850276webdriver-profile\\extensions\\fxdriver@googlecode.com","e":false,"v":"2.45.0","st":1474004587359,"mt":1474004587318}},"app-system-defaults":{"loop@mozilla.org":{"d":"C:\\Program Files (x86)\\Mozilla Firefox\\browser\\features\\loop@mozilla.org.xpi","e":true,"v":"0.1","st":1457051706000}},"app-global":{"{972ce4c6-7e08-4474-a285-3208198ce6fd}":{"d":"C:\\Program Files (x86)\\Mozilla Firefox\\browser\\extensions\\{972ce4c6-7e08-4474-a285-3208198ce6fd}.xpi","e":true,"v":"45.0","st":1457051706000}}}
1474004592921	addons.xpi	DEBUG	No changes found
1474004592931	addons.xpi	DEBUG	Registering manifest for C:\Program Files (x86)\Mozilla Firefox\browser\features\loop@mozilla.org.xpi
1474004592933	addons.xpi	DEBUG	Loading bootstrap scope from C:\Program Files (x86)\Mozilla Firefox\browser\features\loop@mozilla.org.xpi
1474004592953	addons.xpi	DEBUG	Calling bootstrap method startup on loop@mozilla.org version 0.1
1474004592973	addons.xpi-utils	DEBUG	Starting async load of XPI database C:\Users\vgupta\AppData\Local\Temp\anonymous3385216722830850276webdriver-profile\extensions.json
1474004592982	addons.manager	DEBUG	Starting provider: <unnamed-provider>
1474004592982	addons.manager	DEBUG	Registering shutdown blocker for <unnamed-provider>
1474004592982	addons.manager	DEBUG	Provider finished startup: <unnamed-provider>
1474004593000	addons.manager	DEBUG	Registering shutdown blocker for XPIProvider
1474004593000	addons.manager	DEBUG	Provider finished startup: XPIProvider
1474004593000	addons.manager	DEBUG	Starting provider: LightweightThemeManager
1474004593000	addons.manager	DEBUG	Registering shutdown blocker for LightweightThemeManager
1474004593001	addons.manager	DEBUG	Provider finished startup: LightweightThemeManager
1474004593001	addons.manager	DEBUG	Starting provider: GMPProvider
1474004593011	addons.manager	DEBUG	Registering shutdown blocker for GMPProvider
1474004593012	addons.manager	DEBUG	Provider finished startup: GMPProvider
1474004593012	addons.manager	DEBUG	Starting provider: PluginProvider
1474004593012	addons.manager	DEBUG	Registering shutdown blocker for PluginProvider
1474004593012	addons.manager	DEBUG	Provider finished startup: PluginProvider
1474004593013	addons.manager	DEBUG	Completed startup sequence
1474004593464	addons.xpi-utils	DEBUG	Async JSON file read took 0 MS
1474004593464	addons.xpi-utils	DEBUG	Finished async read of XPI database, parsing...
1474004593466	addons.xpi-utils	DEBUG	Successfully read XPI database
*** Blocklist::_loadBlocklistFromFile: blocklist is disabled
1474004593669	addons.manager	DEBUG	Starting provider: PreviousExperimentProvider
1474004593669	addons.manager	DEBUG	Registering shutdown blocker for PreviousExperimentProvider
1474004593670	addons.manager	DEBUG	Provider finished startup: PreviousExperimentProvider
JavaScript warning: https://normandy.cdn.mozilla.net/static/bundles/selfrepair-95933d583fb5820dda30.c39446e910f3.js, line 7: mutating the [[Prototype]] of an object will cause your code to run very slowly; instead create the object with the correct initial [[Prototype]] value using Object.create

Build info: version: '2.45.0', revision: '5017cb8e7ca8e37638dc3091b2440b90a1d8686f', time: '2015-02-27 09:10:26'
System info: host: '360LP009-PC', ip: '10.103.1.11', os.name: 'Windows 7', os.arch: 'amd64', os.version: '6.1', java.version: '1.8.0_65'
Driver info: driver.version: FirefoxDriver
	at org.openqa.selenium.firefox.internal.NewProfileExtensionConnection.start(NewProfileExtensionConnection.java:130)
	at org.openqa.selenium.firefox.FirefoxDriver.startClient(FirefoxDriver.java:246)
	at org.openqa.selenium.remote.RemoteWebDriver.<init>(RemoteWebDriver.java:114)
	at org.openqa.selenium.firefox.FirefoxDriver.<init>(FirefoxDriver.java:191)
	at org.openqa.selenium.firefox.FirefoxDriver.<init>(FirefoxDriver.java:186)
	at org.openqa.selenium.firefox.FirefoxDriver.<init>(FirefoxDriver.java:182)
	at org.openqa.selenium.firefox.FirefoxDriver.<init>(FirefoxDriver.java:95)
	at com.timebank.Utility.DriverTestCase.setUp(DriverTestCase.java:43)
	at sun.reflect.NativeMethodAccessorImpl.invoke0(Native Method)
	at sun.reflect.NativeMethodAccessorImpl.invoke(NativeMethodAccessorImpl.java:62)
	at sun.reflect.DelegatingMethodAccessorImpl.invoke(DelegatingMethodAccessorImpl.java:43)
	at java.lang.reflect.Method.invoke(Method.java:497)
	at org.testng.internal.MethodInvocationHelper.invokeMethod(MethodInvocationHelper.java:85)
	at org.testng.internal.Invoker.invokeConfigurationMethod(Invoker.java:552)
	at org.testng.internal.Invoker.invokeConfigurations(Invoker.java:215)
	at org.testng.internal.Invoker.invokeConfigurations(Invoker.java:140)
	at org.testng.SuiteRunner.privateRun(SuiteRunner.java:291)
	at org.testng.SuiteRunner.run(SuiteRunner.java:254)
	at org.testng.SuiteRunnerWorker.runSuite(SuiteRunnerWorker.java:52)
	at org.testng.SuiteRunnerWorker.run(SuiteRunnerWorker.java:86)
	at org.testng.TestNG.runSuitesSequentially(TestNG.java:1224)
	at org.testng.TestNG.runSuitesLocally(TestNG.java:1149)
	at org.testng.TestNG.run(TestNG.java:1057)
	at org.apache.maven.surefire.testng.TestNGExecutor.run(TestNGExecutor.java:281)
	at org.apache.maven.surefire.testng.TestNGXmlTestSuite.execute(TestNGXmlTestSuite.java:75)
	at org.apache.maven.surefire.testng.TestNGProvider.invoke(TestNGProvider.java:121)
	at org.apache.maven.surefire.booter.ForkedBooter.invokeProviderInSameClassLoader(ForkedBooter.java:290)
	at org.apache.maven.surefire.booter.ForkedBooter.runSuitesInProcess(ForkedBooter.java:242)
	at org.apache.maven.surefire.booter.ForkedBooter.main(ForkedBooter.java:121)
Caused by: org.openqa.selenium.firefox.NotConnectedException: Unable to connect to host 127.0.0.1 on port 7055 after 45000 ms. Firefox console output:
C:\\Program Files (x86)\\Mozilla Firefox\\browser\\features\\loop@mozilla.org.xpi","e":true,"v":"0.1","st":1457051706000}},"app-global":{"{972ce4c6-7e08-4474-a285-3208198ce6fd}":{"d":"C:\\Program Files (x86)\\Mozilla Firefox\\browser\\extensions\\{972ce4c6-7e08-4474-a285-3208198ce6fd}.xpi","e":true,"v":"45.0","st":1457051706000}}}
1474004592914	addons.xpi	DEBUG	Existing add-on fxdriver@googlecode.com in app-profile
1474004592915	addons.xpi	DEBUG	getModTime: Recursive scan of loop@mozilla.org
1474004592916	addons.xpi	DEBUG	Existing add-on loop@mozilla.org in app-system-defaults
1474004592916	addons.xpi	DEBUG	getModTime: Recursive scan of {972ce4c6-7e08-4474-a285-3208198ce6fd}
1474004592917	addons.xpi	DEBUG	Existing add-on {972ce4c6-7e08-4474-a285-3208198ce6fd} in app-global
1474004592918	addons.xpi	DEBUG	getInstallState changed: false, state: {"app-profile":{"fxdriver@googlecode.com":{"d":"C:\\Users\\vgupta\\AppData\\Local\\Temp\\anonymous3385216722830850276webdriver-profile\\extensions\\fxdriver@googlecode.com","e":false,"v":"2.45.0","st":1474004587359,"mt":1474004587318}},"app-system-defaults":{"loop@mozilla.org":{"d":"C:\\Program Files (x86)\\Mozilla Firefox\\browser\\features\\loop@mozilla.org.xpi","e":true,"v":"0.1","st":1457051706000}},"app-global":{"{972ce4c6-7e08-4474-a285-3208198ce6fd}":{"d":"C:\\Program Files (x86)\\Mozilla Firefox\\browser\\extensions\\{972ce4c6-7e08-4474-a285-3208198ce6fd}.xpi","e":true,"v":"45.0","st":1457051706000}}}
1474004592921	addons.xpi	DEBUG	No changes found
1474004592931	addons.xpi	DEBUG	Registering manifest for C:\Program Files (x86)\Mozilla Firefox\browser\features\loop@mozilla.org.xpi
1474004592933	addons.xpi	DEBUG	Loading bootstrap scope from C:\Program Files (x86)\Mozilla Firefox\browser\features\loop@mozilla.org.xpi
1474004592953	addons.xpi	DEBUG	Calling bootstrap method startup on loop@mozilla.org version 0.1
1474004592973	addons.xpi-utils	DEBUG	Starting async load of XPI database C:\Users\vgupta\AppData\Local\Temp\anonymous3385216722830850276webdriver-profile\extensions.json
1474004592982	addons.manager	DEBUG	Starting provider: <unnamed-provider>
1474004592982	addons.manager	DEBUG	Registering shutdown blocker for <unnamed-provider>
1474004592982	addons.manager	DEBUG	Provider finished startup: <unnamed-provider>
1474004593000	addons.manager	DEBUG	Registering shutdown blocker for XPIProvider
1474004593000	addons.manager	DEBUG	Provider finished startup: XPIProvider
1474004593000	addons.manager	DEBUG	Starting provider: LightweightThemeManager
1474004593000	addons.manager	DEBUG	Registering shutdown blocker for LightweightThemeManager
1474004593001	addons.manager	DEBUG	Provider finished startup: LightweightThemeManager
1474004593001	addons.manager	DEBUG	Starting provider: GMPProvider
1474004593011	addons.manager	DEBUG	Registering shutdown blocker for GMPProvider
1474004593012	addons.manager	DEBUG	Provider finished startup: GMPProvider
1474004593012	addons.manager	DEBUG	Starting provider: PluginProvider
1474004593012	addons.manager	DEBUG	Registering shutdown blocker for PluginProvider
1474004593012	addons.manager	DEBUG	Provider finished startup: PluginProvider
1474004593013	addons.manager	DEBUG	Completed startup sequence
1474004593464	addons.xpi-utils	DEBUG	Async JSON file read took 0 MS
1474004593464	addons.xpi-utils	DEBUG	Finished async read of XPI database, parsing...
1474004593466	addons.xpi-utils	DEBUG	Successfully read XPI database
*** Blocklist::_loadBlocklistFromFile: blocklist is disabled
1474004593669	addons.manager	DEBUG	Starting provider: PreviousExperimentProvider
1474004593669	addons.manager	DEBUG	Registering shutdown blocker for PreviousExperimentProvider
1474004593670	addons.manager	DEBUG	Provider finished startup: PreviousExperimentProvider
JavaScript warning: https://normandy.cdn.mozilla.net/static/bundles/selfrepair-95933d583fb5820dda30.c39446e910f3.js, line 7: mutating the [[Prototype]] of an object will cause your code to run very slowly; instead create the object with the correct initial [[Prototype]] value using Object.create

	at org.openqa.selenium.firefox.internal.NewProfileExtensionConnection.start(NewProfileExtensionConnection.java:118)
	... 28 more
]]>
            </full-stacktrace>
          </exception> <!-- org.openqa.selenium.WebDriverException -->
          <reporter-output>
          </reporter-output>
        </test-method> <!-- setUp -->
        <test-method status="SKIP" signature="UserLogIn()[pri:0, instance:com.timebank.test.TC01_NonSignedIn@21bcffb5]" name="UserLogIn" duration-ms="0" started-at="2016-09-16T11:13:58Z" finished-at="2016-09-16T11:13:58Z">
          <reporter-output>
          </reporter-output>
        </test-method> <!-- UserLogIn -->
        <test-method status="SKIP" signature="afterMainMethod()[pri:0, instance:com.timebank.test.TC01_NonSignedIn@21bcffb5]" name="afterMainMethod" is-config="true" duration-ms="0" started-at="2016-09-16T11:13:58Z" finished-at="2016-09-16T11:13:58Z">
          <reporter-output>
          </reporter-output>
        </test-method> <!-- afterMainMethod -->
      </class> <!-- com.timebank.test.TC01_NonSignedIn -->
    </test> <!-- Login -->
  </suite> <!-- pro -->
</testng-results>
